<?xml version="1.0" encoding="UTF-8"?>
<testsuite xmlns:xsi="http://www.w3.org/2001/XMLSchema-instance" xsi:noNamespaceSchemaLocation="https://maven.apache.org/surefire/maven-surefire-plugin/xsd/surefire-test-report-3.0.xsd" version="3.0" name="techsea.habhabapi.HabhabApiApplicationTests" time="6.827" tests="1" errors="0" skipped="0" failures="0">
  <properties>
[...]
</properties>
  <testcase name="contextLoads" classname="techsea.habhabapi.HabhabApiApplicationTests" time="0.285">
    <system-out><![CDATA[12:47:26.102 [main] INFO org.springframework.test.context.support.AnnotationConfigContextLoaderUtils -- Could not detect default configuration classes for test class [techsea.habhabapi.HabhabApiApplicationTests]: HabhabApiApplicationTests does not declare any static, non-private, non-final, nested classes annotated with @Configuration.
12:47:26.147 [main] INFO org.springframework.boot.test.context.SpringBootTestContextBootstrapper -- Found @SpringBootConfiguration techsea.habhabapi.HabhabApiApplication for test class techsea.habhabapi.HabhabApiApplicationTests
12:47:26.215 [main] INFO org.springframework.boot.devtools.restart.RestartApplicationListener -- Restart disabled due to context in which it is running
  .   ____          _            __ _ _
 /\\ / ___'_ __ _ _(_)_ __  __ _ \ \ \ \
( ( )\___ | '_ | '_| | '_ \/ _` | \ \ \ \
 \\/  ___)| |_)| | | | | || (_| |  ) ) ) )
  '  |____| .__|_| |_|_| |_\__, | / / / /
 =========|_|==============|___/=/_/_/_/

 :: Spring Boot ::                (v3.3.0)

2024-06-28T12:47:26.356+03:00  INFO 6085 --- [habhab-api] [           main] t.habhabapi.HabhabApiApplicationTests    : Starting HabhabApiApplicationTests using Java 22.0.1 with PID 6085 (started by abdualzizalosaimi in /Users/abdualzizalosaimi/Desktop/MyProject/habhab-api)
2024-06-28T12:47:26.357+03:00  INFO 6085 --- [habhab-api] [           main] t.habhabapi.HabhabApiApplicationTests    : The following 1 profile is active: "dev"
2024-06-28T12:47:26.915+03:00  INFO 6085 --- [habhab-api] [           main] .s.d.r.c.RepositoryConfigurationDelegate : Bootstrapping Spring Data JPA repositories in DEFAULT mode.
2024-06-28T12:47:26.948+03:00  INFO 6085 --- [habhab-api] [           main] .s.d.r.c.RepositoryConfigurationDelegate : Finished Spring Data repository scanning in 29 ms. Found 15 JPA repository interfaces.
2024-06-28T12:47:27.270+03:00  INFO 6085 --- [habhab-api] [           main] o.hibernate.jpa.internal.util.LogHelper  : HHH000204: Processing PersistenceUnitInfo [name: default]
2024-06-28T12:47:27.299+03:00  INFO 6085 --- [habhab-api] [           main] org.hibernate.Version                    : HHH000412: Hibernate ORM core version 6.5.2.Final
2024-06-28T12:47:27.316+03:00  INFO 6085 --- [habhab-api] [           main] o.h.c.internal.RegionFactoryInitiator    : HHH000026: Second-level cache disabled
2024-06-28T12:47:27.437+03:00  INFO 6085 --- [habhab-api] [           main] o.s.o.j.p.SpringPersistenceUnitInfo      : No LoadTimeWeaver setup: ignoring JPA class transformer
2024-06-28T12:47:27.448+03:00  INFO 6085 --- [habhab-api] [           main] com.zaxxer.hikari.HikariDataSource       : HikariPool-1 - Starting...
2024-06-28T12:47:27.785+03:00  INFO 6085 --- [habhab-api] [           main] com.zaxxer.hikari.pool.HikariPool        : HikariPool-1 - Added connection org.postgresql.jdbc.PgConnection@5e62ca19
2024-06-28T12:47:27.787+03:00  INFO 6085 --- [habhab-api] [           main] com.zaxxer.hikari.HikariDataSource       : HikariPool-1 - Start completed.
2024-06-28T12:47:28.337+03:00  INFO 6085 --- [habhab-api] [           main] o.h.e.t.j.p.i.JtaPlatformInitiator       : HHH000489: No JTA platform available (set 'hibernate.transaction.jta.platform' to enable JTA platform integration)
2024-06-28T12:47:28.558+03:00  INFO 6085 --- [habhab-api] [           main] j.LocalContainerEntityManagerFactoryBean : Initialized JPA EntityManagerFactory for persistence unit 'default'
2024-06-28T12:47:29.138+03:00  WARN 6085 --- [habhab-api] [           main] JpaBaseConfiguration$JpaWebConfiguration : spring.jpa.open-in-view is enabled by default. Therefore, database queries may be performed during view rendering. Explicitly configure spring.jpa.open-in-view to disable this warning
2024-06-28T12:47:29.157+03:00  INFO 6085 --- [habhab-api] [           main] r$InitializeUserDetailsManagerConfigurer : Global AuthenticationManager configured with UserDetailsService bean with name authService
2024-06-28T12:47:29.373+03:00  INFO 6085 --- [habhab-api] [           main] o.s.b.a.e.web.EndpointLinksResolver      : Exposing 1 endpoint beneath base path '/actuator'
2024-06-28T12:47:29.406+03:00  INFO 6085 --- [habhab-api] [           main] o.s.s.web.DefaultSecurityFilterChain     : Will secure any request with [org.springframework.security.web.session.DisableEncodeUrlFilter@113b39e9, org.springframework.security.web.context.request.async.WebAsyncManagerIntegrationFilter@70b7fec0, org.springframework.security.web.context.SecurityContextHolderFilter@9fe1e14, org.springframework.security.web.header.HeaderWriterFilter@6af6a3b, org.springframework.web.filter.CorsFilter@361eed12, org.springframework.security.web.authentication.logout.LogoutFilter@427c8f6, techsea.habhabapi.V1.Config.JwtAuthenticationFilter@f4a21cb, org.springframework.security.web.savedrequest.RequestCacheAwareFilter@53af65eb, org.springframework.security.web.servletapi.SecurityContextHolderAwareRequestFilter@340b7fca, org.springframework.security.web.authentication.AnonymousAuthenticationFilter@73c5b676, org.springframework.security.web.session.SessionManagementFilter@4015c65b, org.springframework.security.web.access.ExceptionTranslationFilter@105d2c27, org.springframework.security.web.access.intercept.AuthorizationFilter@61b3de5b]
2024-06-28T12:47:29.727+03:00  INFO 6085 --- [habhab-api] [           main] o.s.a.r.c.CachingConnectionFactory       : Attempting to connect to: [localhost:5672]
2024-06-28T12:47:29.764+03:00  INFO 6085 --- [habhab-api] [           main] o.s.a.r.c.CachingConnectionFactory       : Created new connection: rabbitConnectionFactory#6fa48ee4:0/SimpleConnection@6e1787ba [delegate=amqp://guest@127.0.0.1:5672/, localPort=51583]
2024-06-28T12:47:29.808+03:00  INFO 6085 --- [habhab-api] [           main] t.habhabapi.HabhabApiApplicationTests    : Started HabhabApiApplicationTests in 3.6 seconds (process running for 4.021)
2024-06-28T12:47:30.738+03:00  INFO 6085 --- [habhab-api] [   scheduling-1] techsea.habhabapi.V1.Service.Monday      : {"name":"الأحد","id":1}
2024-06-28T12:47:30.741+03:00  INFO 6085 --- [habhab-api] [   scheduling-1] techsea.habhabapi.V1.Service.Monday      : {"name":"الإثنين","id":2}
2024-06-28T12:47:30.742+03:00  INFO 6085 --- [habhab-api] [   scheduling-1] techsea.habhabapi.V1.Service.Monday      : {"name":"الثلاثاء","id":3}
2024-06-28T12:47:30.743+03:00  INFO 6085 --- [habhab-api] [   scheduling-1] techsea.habhabapi.V1.Service.Monday      : {"name":"الأربعاء","id":4}
2024-06-28T12:47:30.744+03:00  INFO 6085 --- [habhab-api] [   scheduling-1] techsea.habhabapi.V1.Service.Monday      : {"name":"الخميس","id":5}
2024-06-28T12:47:30.744+03:00  INFO 6085 --- [habhab-api] [   scheduling-1] techsea.habhabapi.V1.Service.Monday      : {"name":"الجمعة","id":6}
2024-06-28T12:47:30.745+03:00  INFO 6085 --- [habhab-api] [   scheduling-1] techsea.habhabapi.V1.Service.Monday      : {"name":"السبت","id":7}
2024-06-28T12:47:31.095+03:00  INFO 6085 --- [habhab-api] [           main] techsea.habhabapi.V1.Service.Monday      : {"name":"الأحد","id":1}
2024-06-28T12:47:31.096+03:00  INFO 6085 --- [habhab-api] [           main] techsea.habhabapi.V1.Service.Monday      : {"name":"الإثنين","id":2}
2024-06-28T12:47:31.097+03:00  INFO 6085 --- [habhab-api] [           main] techsea.habhabapi.V1.Service.Monday      : {"name":"الثلاثاء","id":3}
2024-06-28T12:47:31.098+03:00  INFO 6085 --- [habhab-api] [           main] techsea.habhabapi.V1.Service.Monday      : {"name":"الأربعاء","id":4}
2024-06-28T12:47:31.098+03:00  INFO 6085 --- [habhab-api] [           main] techsea.habhabapi.V1.Service.Monday      : {"name":"الخميس","id":5}
2024-06-28T12:47:31.099+03:00  INFO 6085 --- [habhab-api] [           main] techsea.habhabapi.V1.Service.Monday      : {"name":"الجمعة","id":6}
2024-06-28T12:47:31.099+03:00  INFO 6085 --- [habhab-api] [           main] techsea.habhabapi.V1.Service.Monday      : {"name":"السبت","id":7}
]]></system-out>
    <system-err><![CDATA[WARNING: A Java agent has been loaded dynamically (/Users/abdualzizalosaimi/.m2/repository/net/bytebuddy/byte-buddy-agent/1.14.16/byte-buddy-agent-1.14.16.jar)
WARNING: If a serviceability tool is in use, please run with -XX:+EnableDynamicAgentLoading to hide this warning
WARNING: If a serviceability tool is not in use, please run with -Djdk.instrument.traceUsage for more information
WARNING: Dynamic loading of agents will be disallowed by default in a future release
]]></system-err>
  </testcase>
</testsuite>